<?xml version="1.0" encoding="UTF-8"?>
<testsuite xmlns:xsi="http://www.w3.org/2001/XMLSchema-instance" xsi:noNamespaceSchemaLocation="https://maven.apache.org/surefire/maven-surefire-plugin/xsd/surefire-test-report-3.0.xsd" version="3.0" name="LA.VectorTest$InnerProduct" time="0.007" tests="4" errors="0" skipped="0" failures="0">
  <properties>
[...]
</properties>
  <testcase name="norm" classname="LA.VectorTest" time="0.008"/>
  <testcase name="givenTwoComplexVectors_thenReturnTheirStandardComplexInnerProduct" classname="LA.VectorTest$InnerProduct" time="0.003"/>
  <testcase name="givenTwoVectorsOfDifferentDimension_thenThrowException" classname="LA.VectorTest$InnerProduct" time="0.001"/>
  <testcase name="givenTwoRealVectors_thenReturnTheirDotProduct" classname="LA.VectorTest$InnerProduct" time="0.001"/>
</testsuite>